nohup: ignoring input
[2025-01-12 13:50:24] [INFO] 本轮 GPU 检查结束，休眠 300 秒。
[2025-01-12 13:55:24] [INFO] 本轮 GPU 检查结束，休眠 300 秒。
[2025-01-12 14:00:24] [INFO] 本轮 GPU 检查结束，休眠 300 秒。
[2025-01-12 14:05:24] [INFO] 本轮 GPU 检查结束，休眠 300 秒。
[2025-01-12 14:10:24] [INFO] 本轮 GPU 检查结束，休眠 300 秒。
[2025-01-12 14:15:24] [INFO] 本轮 GPU 检查结束，休眠 300 秒。
[2025-01-12 14:20:24] [INFO] 本轮 GPU 检查结束，休眠 300 秒。
[2025-01-12 14:25:24] [INFO] 本轮 GPU 检查结束，休眠 300 秒。
[2025-01-12 14:30:24] [INFO] 本轮 GPU 检查结束，休眠 300 秒。
[2025-01-12 14:35:24] [INFO] 本轮 GPU 检查结束，休眠 300 秒。
[2025-01-12 14:40:24] [INFO] 本轮 GPU 检查结束，休眠 300 秒。
[2025-01-12 14:45:24] [INFO] 本轮 GPU 检查结束，休眠 300 秒。
[2025-01-12 14:50:24] [INFO] 本轮 GPU 检查结束，休眠 300 秒。
[2025-01-12 14:55:25] [INFO] 本轮 GPU 检查结束，休眠 300 秒。
[2025-01-12 15:00:25] [INFO] 本轮 GPU 检查结束，休眠 300 秒。
[2025-01-12 15:05:25] [INFO] 本轮 GPU 检查结束，休眠 300 秒。
[2025-01-12 15:10:25] [INFO] 本轮 GPU 检查结束，休眠 300 秒。
[2025-01-12 15:15:25] [INFO] 本轮 GPU 检查结束，休眠 300 秒。
[2025-01-12 15:20:25] [INFO] 本轮 GPU 检查结束，休眠 300 秒。
[2025-01-12 15:25:25] [INFO] 本轮 GPU 检查结束，休眠 300 秒。
[2025-01-12 15:30:25] [INFO] 本轮 GPU 检查结束，休眠 300 秒。
[2025-01-12 15:35:25] [INFO] 本轮 GPU 检查结束，休眠 300 秒。
[2025-01-12 15:40:25] [INFO] 本轮 GPU 检查结束，休眠 300 秒。
[2025-01-12 15:45:25] [INFO] 本轮 GPU 检查结束，休眠 300 秒。
[2025-01-12 15:50:25] [INFO] 本轮 GPU 检查结束，休眠 300 秒。
[2025-01-12 15:55:25] [INFO] 本轮 GPU 检查结束，休眠 300 秒。
[2025-01-12 16:00:25] [INFO] 本轮 GPU 检查结束，休眠 300 秒。
[2025-01-12 16:05:25] [INFO] 本轮 GPU 检查结束，休眠 300 秒。
[2025-01-12 16:10:25] [INFO] 本轮 GPU 检查结束，休眠 300 秒。
[2025-01-12 16:15:25] [INFO] 本轮 GPU 检查结束，休眠 300 秒。
[2025-01-12 16:20:25] [INFO] 本轮 GPU 检查结束，休眠 300 秒。
[2025-01-12 16:25:25] [INFO] 本轮 GPU 检查结束，休眠 300 秒。
[2025-01-12 16:30:25] [INFO] 本轮 GPU 检查结束，休眠 300 秒。
[2025-01-12 16:35:25] [INFO] 本轮 GPU 检查结束，休眠 300 秒。
[2025-01-12 16:40:25] [INFO] 本轮 GPU 检查结束，休眠 300 秒。
[2025-01-12 16:45:25] [INFO] 启动训练任务: 配置=rtdetr-MAFPN, 备注=memo, 使用GPU=2
[2025-01-12 16:45:25] [INFO] 日志文件: logs/FLIR-rtdetr-MAFPN-memo-gpu2.log
[2025-01-12 16:45:25] [INFO] 训练任务已启动，PID: 17771
[2025-01-12 16:45:25] [INFO] 本轮 GPU 检查结束，休眠 300 秒。
[2025-01-12 16:50:25] [INFO] 本轮 GPU 检查结束，休眠 300 秒。
[2025-01-12 16:55:25] [INFO] 本轮 GPU 检查结束，休眠 300 秒。
[2025-01-12 17:00:25] [INFO] 本轮 GPU 检查结束，休眠 300 秒。
[2025-01-12 17:05:25] [INFO] 本轮 GPU 检查结束，休眠 300 秒。
[2025-01-12 17:10:26] [INFO] 本轮 GPU 检查结束，休眠 300 秒。
[2025-01-12 17:15:26] [INFO] 本轮 GPU 检查结束，休眠 300 秒。
[2025-01-12 17:20:26] [INFO] 本轮 GPU 检查结束，休眠 300 秒。
[2025-01-12 17:25:26] [INFO] 本轮 GPU 检查结束，休眠 300 秒。
[2025-01-12 17:30:26] [INFO] 本轮 GPU 检查结束，休眠 300 秒。
[2025-01-12 17:35:26] [INFO] 本轮 GPU 检查结束，休眠 300 秒。
[2025-01-12 17:40:26] [INFO] 本轮 GPU 检查结束，休眠 300 秒。
[2025-01-12 17:45:26] [INFO] 本轮 GPU 检查结束，休眠 300 秒。
[2025-01-12 17:50:26] [INFO] 本轮 GPU 检查结束，休眠 300 秒。
[2025-01-12 17:55:26] [INFO] 本轮 GPU 检查结束，休眠 300 秒。
[2025-01-12 18:00:26] [INFO] 本轮 GPU 检查结束，休眠 300 秒。
[2025-01-12 18:05:26] [INFO] 本轮 GPU 检查结束，休眠 300 秒。
[2025-01-12 18:10:26] [INFO] 本轮 GPU 检查结束，休眠 300 秒。
[2025-01-12 18:15:26] [INFO] 本轮 GPU 检查结束，休眠 300 秒。
[2025-01-12 18:20:26] [INFO] 本轮 GPU 检查结束，休眠 300 秒。
[2025-01-12 18:25:26] [INFO] 本轮 GPU 检查结束，休眠 300 秒。
[2025-01-12 18:30:26] [INFO] 本轮 GPU 检查结束，休眠 300 秒。
[2025-01-12 18:35:26] [INFO] 本轮 GPU 检查结束，休眠 300 秒。
[2025-01-12 18:40:26] [INFO] 本轮 GPU 检查结束，休眠 300 秒。
[2025-01-12 18:45:26] [INFO] 本轮 GPU 检查结束，休眠 300 秒。
[2025-01-12 18:50:26] [INFO] 本轮 GPU 检查结束，休眠 300 秒。
[2025-01-12 18:55:26] [INFO] 本轮 GPU 检查结束，休眠 300 秒。
[2025-01-12 19:00:26] [INFO] 本轮 GPU 检查结束，休眠 300 秒。
[2025-01-12 19:05:26] [INFO] 本轮 GPU 检查结束，休眠 300 秒。
[2025-01-12 19:10:26] [INFO] 本轮 GPU 检查结束，休眠 300 秒。
[2025-01-12 19:15:26] [INFO] 本轮 GPU 检查结束，休眠 300 秒。
[2025-01-12 19:20:26] [INFO] 本轮 GPU 检查结束，休眠 300 秒。
[2025-01-12 19:25:26] [INFO] 本轮 GPU 检查结束，休眠 300 秒。
[2025-01-12 19:30:26] [INFO] 本轮 GPU 检查结束，休眠 300 秒。
[2025-01-12 19:35:27] [INFO] 本轮 GPU 检查结束，休眠 300 秒。
[2025-01-12 19:40:27] [INFO] 本轮 GPU 检查结束，休眠 300 秒。
[2025-01-12 19:45:27] [INFO] 本轮 GPU 检查结束，休眠 300 秒。
[2025-01-12 19:50:27] [INFO] 本轮 GPU 检查结束，休眠 300 秒。
[2025-01-12 19:55:27] [INFO] 本轮 GPU 检查结束，休眠 300 秒。
[2025-01-12 20:00:27] [INFO] 本轮 GPU 检查结束，休眠 300 秒。
[2025-01-12 20:05:27] [INFO] 本轮 GPU 检查结束，休眠 300 秒。
[2025-01-12 20:10:27] [INFO] 本轮 GPU 检查结束，休眠 300 秒。
[2025-01-12 20:15:27] [INFO] 本轮 GPU 检查结束，休眠 300 秒。
[2025-01-12 20:20:27] [INFO] 本轮 GPU 检查结束，休眠 300 秒。
[2025-01-12 20:25:27] [INFO] 本轮 GPU 检查结束，休眠 300 秒。
[2025-01-12 20:30:27] [INFO] 本轮 GPU 检查结束，休眠 300 秒。
[2025-01-12 20:35:27] [INFO] 本轮 GPU 检查结束，休眠 300 秒。
[2025-01-12 20:40:27] [INFO] 本轮 GPU 检查结束，休眠 300 秒。
[2025-01-12 20:45:27] [INFO] 本轮 GPU 检查结束，休眠 300 秒。
[2025-01-12 20:50:27] [INFO] 本轮 GPU 检查结束，休眠 300 秒。
[2025-01-12 20:55:27] [INFO] 本轮 GPU 检查结束，休眠 300 秒。
[2025-01-12 21:00:27] [INFO] 本轮 GPU 检查结束，休眠 300 秒。
[2025-01-12 21:05:27] [INFO] 本轮 GPU 检查结束，休眠 300 秒。
[2025-01-12 21:10:27] [INFO] 本轮 GPU 检查结束，休眠 300 秒。
[2025-01-12 21:15:27] [INFO] 本轮 GPU 检查结束，休眠 300 秒。
[2025-01-12 21:20:27] [INFO] 本轮 GPU 检查结束，休眠 300 秒。
[2025-01-12 21:25:27] [INFO] 本轮 GPU 检查结束，休眠 300 秒。
[2025-01-12 21:30:27] [INFO] 本轮 GPU 检查结束，休眠 300 秒。
[2025-01-12 21:35:27] [INFO] 本轮 GPU 检查结束，休眠 300 秒。
[2025-01-12 21:40:27] [INFO] 本轮 GPU 检查结束，休眠 300 秒。
[2025-01-12 21:45:27] [INFO] 本轮 GPU 检查结束，休眠 300 秒。
[2025-01-12 21:50:27] [INFO] 本轮 GPU 检查结束，休眠 300 秒。
[2025-01-12 21:55:27] [INFO] 本轮 GPU 检查结束，休眠 300 秒。
[2025-01-12 22:00:27] [INFO] 本轮 GPU 检查结束，休眠 300 秒。
[2025-01-12 22:05:28] [INFO] 本轮 GPU 检查结束，休眠 300 秒。
[2025-01-12 22:10:28] [INFO] 本轮 GPU 检查结束，休眠 300 秒。
[2025-01-12 22:15:28] [INFO] 本轮 GPU 检查结束，休眠 300 秒。
[2025-01-12 22:20:28] [INFO] 本轮 GPU 检查结束，休眠 300 秒。
[2025-01-12 22:25:28] [INFO] 本轮 GPU 检查结束，休眠 300 秒。
[2025-01-12 22:30:28] [INFO] 本轮 GPU 检查结束，休眠 300 秒。
[2025-01-12 22:35:28] [INFO] 本轮 GPU 检查结束，休眠 300 秒。
[2025-01-12 22:40:28] [INFO] 本轮 GPU 检查结束，休眠 300 秒。
[2025-01-12 22:45:28] [INFO] 本轮 GPU 检查结束，休眠 300 秒。
[2025-01-12 22:50:28] [INFO] 本轮 GPU 检查结束，休眠 300 秒。
[2025-01-12 22:55:28] [INFO] 本轮 GPU 检查结束，休眠 300 秒。
[2025-01-12 23:00:28] [INFO] 本轮 GPU 检查结束，休眠 300 秒。
[2025-01-12 23:05:28] [INFO] 本轮 GPU 检查结束，休眠 300 秒。
[2025-01-12 23:10:28] [INFO] 本轮 GPU 检查结束，休眠 300 秒。
[2025-01-12 23:15:28] [INFO] 本轮 GPU 检查结束，休眠 300 秒。
[2025-01-12 23:20:28] [INFO] 本轮 GPU 检查结束，休眠 300 秒。
[2025-01-12 23:25:28] [INFO] 本轮 GPU 检查结束，休眠 300 秒。
[2025-01-12 23:30:28] [INFO] 本轮 GPU 检查结束，休眠 300 秒。
[2025-01-12 23:35:28] [INFO] 本轮 GPU 检查结束，休眠 300 秒。
[2025-01-12 23:40:28] [INFO] 本轮 GPU 检查结束，休眠 300 秒。
[2025-01-12 23:45:28] [INFO] 本轮 GPU 检查结束，休眠 300 秒。
[2025-01-12 23:50:28] [INFO] 本轮 GPU 检查结束，休眠 300 秒。
[2025-01-12 23:55:28] [INFO] 本轮 GPU 检查结束，休眠 300 秒。
[2025-01-13 00:00:28] [INFO] 启动训练任务: 配置=rtdetr-CFPT, 备注=memo, 使用GPU=2
[2025-01-13 00:00:28] [INFO] 日志文件: logs/FLIR-rtdetr-CFPT-memo-gpu2.log
[2025-01-13 00:00:28] [INFO] 训练任务已启动，PID: 15431
[2025-01-13 00:00:28] [INFO] 本轮 GPU 检查结束，休眠 300 秒。
[2025-01-13 00:05:28] [INFO] 本轮 GPU 检查结束，休眠 300 秒。
[2025-01-13 00:10:28] [INFO] 本轮 GPU 检查结束，休眠 300 秒。
[2025-01-13 00:15:28] [INFO] 本轮 GPU 检查结束，休眠 300 秒。
[2025-01-13 00:20:28] [INFO] 本轮 GPU 检查结束，休眠 300 秒。
[2025-01-13 00:25:28] [INFO] 本轮 GPU 检查结束，休眠 300 秒。
[2025-01-13 00:30:28] [INFO] 本轮 GPU 检查结束，休眠 300 秒。
[2025-01-13 00:35:29] [INFO] 本轮 GPU 检查结束，休眠 300 秒。
[2025-01-13 00:40:29] [INFO] 本轮 GPU 检查结束，休眠 300 秒。
[2025-01-13 00:45:29] [INFO] 本轮 GPU 检查结束，休眠 300 秒。
[2025-01-13 00:50:29] [INFO] 本轮 GPU 检查结束，休眠 300 秒。
[2025-01-13 00:55:29] [INFO] 本轮 GPU 检查结束，休眠 300 秒。
[2025-01-13 01:00:29] [INFO] 本轮 GPU 检查结束，休眠 300 秒。
[2025-01-13 01:05:29] [INFO] 本轮 GPU 检查结束，休眠 300 秒。
[2025-01-13 01:10:29] [INFO] 本轮 GPU 检查结束，休眠 300 秒。
[2025-01-13 01:15:29] [INFO] 本轮 GPU 检查结束，休眠 300 秒。
[2025-01-13 01:20:29] [INFO] 本轮 GPU 检查结束，休眠 300 秒。
[2025-01-13 01:25:29] [INFO] 本轮 GPU 检查结束，休眠 300 秒。
[2025-01-13 01:30:29] [INFO] 本轮 GPU 检查结束，休眠 300 秒。
[2025-01-13 01:35:29] [INFO] 本轮 GPU 检查结束，休眠 300 秒。
[2025-01-13 01:40:29] [INFO] 本轮 GPU 检查结束，休眠 300 秒。
[2025-01-13 01:45:29] [INFO] 本轮 GPU 检查结束，休眠 300 秒。
[2025-01-13 01:50:29] [INFO] 本轮 GPU 检查结束，休眠 300 秒。
[2025-01-13 01:55:29] [INFO] 本轮 GPU 检查结束，休眠 300 秒。
[2025-01-13 02:00:29] [INFO] 本轮 GPU 检查结束，休眠 300 秒。
[2025-01-13 02:05:29] [INFO] 本轮 GPU 检查结束，休眠 300 秒。
[2025-01-13 02:10:29] [INFO] 本轮 GPU 检查结束，休眠 300 秒。
[2025-01-13 02:15:29] [INFO] 本轮 GPU 检查结束，休眠 300 秒。
[2025-01-13 02:20:29] [INFO] 启动训练任务: 配置=rtdetr-CFPT-P3456, 备注=memo, 使用GPU=2
[2025-01-13 02:20:29] [INFO] 日志文件: logs/FLIR-rtdetr-CFPT-P3456-memo-gpu2.log
[2025-01-13 02:20:29] [INFO] 训练任务已启动，PID: 15773
[2025-01-13 02:20:29] [INFO] 配置列表已全部运行完毕，脚本结束。
