nohup: ignoring input
[2025-01-30 16:38:17] [INFO] 本轮 GPU 检查结束，休眠 300 秒。
[2025-01-30 16:43:18] [INFO] 本轮 GPU 检查结束，休眠 300 秒。
[2025-01-30 16:48:18] [INFO] 本轮 GPU 检查结束，休眠 300 秒。
[2025-01-30 16:53:18] [INFO] 本轮 GPU 检查结束，休眠 300 秒。
[2025-01-30 16:58:18] [INFO] 本轮 GPU 检查结束，休眠 300 秒。
[2025-01-30 17:03:18] [INFO] 本轮 GPU 检查结束，休眠 300 秒。
[2025-01-30 17:08:18] [INFO] 本轮 GPU 检查结束，休眠 300 秒。
[2025-01-30 17:13:18] [INFO] 本轮 GPU 检查结束，休眠 300 秒。
[2025-01-30 17:18:18] [INFO] 本轮 GPU 检查结束，休眠 300 秒。
[2025-01-30 17:23:18] [INFO] 本轮 GPU 检查结束，休眠 300 秒。
[2025-01-30 17:28:18] [INFO] 本轮 GPU 检查结束，休眠 300 秒。
[2025-01-30 17:33:18] [INFO] 本轮 GPU 检查结束，休眠 300 秒。
[2025-01-30 17:38:18] [INFO] 本轮 GPU 检查结束，休眠 300 秒。
[2025-01-30 17:43:18] [INFO] 本轮 GPU 检查结束，休眠 300 秒。
[2025-01-30 17:48:18] [INFO] 本轮 GPU 检查结束，休眠 300 秒。
[2025-01-30 17:53:19] [INFO] 本轮 GPU 检查结束，休眠 300 秒。
[2025-01-30 17:58:19] [INFO] 本轮 GPU 检查结束，休眠 300 秒。
[2025-01-30 18:03:19] [INFO] 本轮 GPU 检查结束，休眠 300 秒。
[2025-01-30 18:08:19] [INFO] 本轮 GPU 检查结束，休眠 300 秒。
[2025-01-30 18:13:19] [INFO] 本轮 GPU 检查结束，休眠 300 秒。
[2025-01-30 18:18:19] [INFO] 本轮 GPU 检查结束，休眠 300 秒。
[2025-01-30 18:23:19] [INFO] 本轮 GPU 检查结束，休眠 300 秒。
[2025-01-30 18:28:19] [INFO] 本轮 GPU 检查结束，休眠 300 秒。
[2025-01-30 18:33:19] [INFO] 本轮 GPU 检查结束，休眠 300 秒。
[2025-01-30 18:38:19] [INFO] 本轮 GPU 检查结束，休眠 300 秒。
[2025-01-30 18:43:19] [INFO] 本轮 GPU 检查结束，休眠 300 秒。
[2025-01-30 18:48:19] [INFO] 本轮 GPU 检查结束，休眠 300 秒。
[2025-01-30 18:53:20] [INFO] 本轮 GPU 检查结束，休眠 300 秒。
[2025-01-30 18:58:20] [INFO] 本轮 GPU 检查结束，休眠 300 秒。
[2025-01-30 19:03:20] [INFO] 本轮 GPU 检查结束，休眠 300 秒。
[2025-01-30 19:08:20] [INFO] 本轮 GPU 检查结束，休眠 300 秒。
[2025-01-30 19:13:20] [INFO] 本轮 GPU 检查结束，休眠 300 秒。
[2025-01-30 19:18:20] [INFO] 本轮 GPU 检查结束，休眠 300 秒。
[2025-01-30 19:23:20] [INFO] 本轮 GPU 检查结束，休眠 300 秒。
[2025-01-30 19:28:20] [INFO] 本轮 GPU 检查结束，休眠 300 秒。
[2025-01-30 19:33:20] [INFO] 启动训练任务: 配置=rtdetr-AIFI_SLA, 备注=memo, 使用GPU=0
[2025-01-30 19:33:20] [INFO] 日志文件: logs/FLIR-rtdetr-AIFI_SLA-memo-gpu0.log
[2025-01-30 19:33:20] [INFO] 训练任务已启动，PID: 16147
[2025-01-30 19:33:20] [INFO] 本轮 GPU 检查结束，休眠 300 秒。
[2025-01-30 19:38:20] [INFO] 启动训练任务: 配置=rtdetr-AIFI_SLA_Dynamic, 备注=memo, 使用GPU=0
[2025-01-30 19:38:20] [INFO] 日志文件: logs/FLIR-rtdetr-AIFI_SLA_Dynamic-memo-gpu0.log
[2025-01-30 19:38:20] [INFO] 训练任务已启动，PID: 19132
[2025-01-30 19:38:20] [INFO] 本轮 GPU 检查结束，休眠 300 秒。
[2025-01-30 19:43:20] [INFO] 启动训练任务: 配置=rtdetr-AIFI_SLA_Flash, 备注=memo, 使用GPU=0
[2025-01-30 19:43:20] [INFO] 日志文件: logs/FLIR-rtdetr-AIFI_SLA_Flash-memo-gpu0.log
[2025-01-30 19:43:20] [INFO] 训练任务已启动，PID: 22067
[2025-01-30 19:43:20] [INFO] 配置列表已全部运行完毕，脚本结束。
